2026-02-21 16:19:36 [main] INFO com.ui.listeners.TestListener::onStart::59 Test Suite Started 
2026-02-21 16:19:37 [TestNG-test-UI Automation-1] INFO com.ui.pages.HomePage::<init>::27 Launching Browser for EDGE 
2026-02-21 16:19:37 [TestNG-test-UI Automation-3] INFO com.ui.pages.HomePage::<init>::27 Launching Browser for EDGE 
2026-02-21 16:19:37 [TestNG-test-UI Automation-2] INFO com.ui.pages.HomePage::<init>::27 Launching Browser for EDGE 
2026-02-21 16:19:39 [TestNG-test-UI Automation-2] INFO com.ui.pages.HomePage::goToWebsite::38 Visiting the website https://automationpractice.techwithjatin.com/ 
2026-02-21 16:19:39 [TestNG-test-UI Automation-1] INFO com.ui.pages.HomePage::goToWebsite::38 Visiting the website https://automationpractice.techwithjatin.com/ 
2026-02-21 16:19:39 [TestNG-test-UI Automation-3] INFO com.ui.pages.HomePage::goToWebsite::38 Visiting the website https://automationpractice.techwithjatin.com/ 
2026-02-21 16:19:45 [TestNG-test-UI Automation-1] INFO com.ui.pages.HomePage::maximizeWindow::43 Maximizing the browser window 
2026-02-21 16:19:45 [TestNG-test-UI Automation-1] INFO com.ui.listeners.TestListener::onTestStart::27 loginCSVTest 
2026-02-21 16:19:45 [TestNG-test-UI Automation-1] INFO com.ui.listeners.TestListener::onTestStart::28 Verifies with the valid user is able to login into the application using CSV File 
2026-02-21 16:19:45 [TestNG-test-UI Automation-1] INFO com.ui.listeners.TestListener::onTestStart::29 [e2e, sanity] 
2026-02-21 16:19:45 [TestNG-test-UI Automation-2] INFO com.ui.pages.HomePage::maximizeWindow::43 Maximizing the browser window 
2026-02-21 16:19:45 [TestNG-test-UI Automation-1] INFO com.ui.pages.HomePage::goToLoginPage::26 Trying to perform click to go to Sign in Page 
2026-02-21 16:19:45 [TestNG-test-UI Automation-1] INFO com.ui.pages.HomePage::clickOn::48 Finding Element with the locator By.xpath: //a[contains(text(),'Sign')] 
2026-02-21 16:19:45 [TestNG-test-UI Automation-1] INFO com.ui.pages.HomePage::clickOn::50 Element Found and now performing Click 
2026-02-21 16:19:45 [TestNG-test-UI Automation-2] INFO com.ui.listeners.TestListener::onTestStart::27 loginExcelTest 
2026-02-21 16:19:45 [TestNG-test-UI Automation-2] INFO com.ui.listeners.TestListener::onTestStart::28 Verifies with the valid user is able to login into the application using Excel File 
2026-02-21 16:19:45 [TestNG-test-UI Automation-2] INFO com.ui.listeners.TestListener::onTestStart::29 [e2e, sanity] 
2026-02-21 16:19:45 [TestNG-test-UI Automation-2] INFO com.ui.pages.HomePage::goToLoginPage::26 Trying to perform click to go to Sign in Page 
2026-02-21 16:19:45 [TestNG-test-UI Automation-2] INFO com.ui.pages.HomePage::clickOn::48 Finding Element with the locator By.xpath: //a[contains(text(),'Sign')] 
2026-02-21 16:19:45 [TestNG-test-UI Automation-2] INFO com.ui.pages.HomePage::clickOn::50 Element Found and now performing Click 
2026-02-21 16:19:46 [TestNG-test-UI Automation-3] INFO com.ui.pages.HomePage::maximizeWindow::43 Maximizing the browser window 
2026-02-21 16:19:46 [TestNG-test-UI Automation-3] INFO com.ui.listeners.TestListener::onTestStart::27 loginTest 
2026-02-21 16:19:46 [TestNG-test-UI Automation-3] INFO com.ui.listeners.TestListener::onTestStart::28 Verifies with the valid user is able to login into the application 
2026-02-21 16:19:46 [TestNG-test-UI Automation-3] INFO com.ui.listeners.TestListener::onTestStart::29 [e2e, sanity] 
2026-02-21 16:19:46 [TestNG-test-UI Automation-3] INFO com.ui.pages.HomePage::goToLoginPage::26 Trying to perform click to go to Sign in Page 
2026-02-21 16:19:46 [TestNG-test-UI Automation-3] INFO com.ui.pages.HomePage::clickOn::48 Finding Element with the locator By.xpath: //a[contains(text(),'Sign')] 
2026-02-21 16:19:46 [TestNG-test-UI Automation-3] INFO com.ui.pages.HomePage::clickOn::50 Element Found and now performing Click 
2026-02-21 16:19:46 [TestNG-test-UI Automation-1] INFO com.ui.pages.LoginPage::enterText::55 Finding Element with the locator By.id: email 
2026-02-21 16:19:46 [TestNG-test-UI Automation-1] INFO com.ui.pages.LoginPage::enterText::57 Element Found and now Enter text example@gmail.com 
2026-02-21 16:19:46 [TestNG-test-UI Automation-2] INFO com.ui.pages.LoginPage::enterText::55 Finding Element with the locator By.id: email 
2026-02-21 16:19:46 [TestNG-test-UI Automation-2] INFO com.ui.pages.LoginPage::enterText::57 Element Found and now Enter text example@gmail.com 
2026-02-21 16:19:47 [TestNG-test-UI Automation-1] INFO com.ui.pages.LoginPage::enterText::55 Finding Element with the locator By.id: passwd 
2026-02-21 16:19:47 [TestNG-test-UI Automation-1] INFO com.ui.pages.LoginPage::enterText::57 Element Found and now Enter text password 
2026-02-21 16:19:47 [TestNG-test-UI Automation-2] INFO com.ui.pages.LoginPage::enterText::55 Finding Element with the locator By.id: passwd 
2026-02-21 16:19:47 [TestNG-test-UI Automation-2] INFO com.ui.pages.LoginPage::enterText::57 Element Found and now Enter text password 
2026-02-21 16:19:47 [TestNG-test-UI Automation-1] INFO com.ui.pages.LoginPage::clickOn::48 Finding Element with the locator By.id: SubmitLogin 
2026-02-21 16:19:47 [TestNG-test-UI Automation-1] INFO com.ui.pages.LoginPage::clickOn::50 Element Found and now performing Click 
2026-02-21 16:19:47 [TestNG-test-UI Automation-2] INFO com.ui.pages.LoginPage::clickOn::48 Finding Element with the locator By.id: SubmitLogin 
2026-02-21 16:19:47 [TestNG-test-UI Automation-2] INFO com.ui.pages.LoginPage::clickOn::50 Element Found and now performing Click 
2026-02-21 16:19:47 [TestNG-test-UI Automation-1] INFO com.ui.pages.MyAccountPage::getVisibleText::66 Finding Element with the locator By.xpath: //a[@title='View my customer account']/span 
2026-02-21 16:19:47 [TestNG-test-UI Automation-3] INFO com.ui.pages.LoginPage::enterText::55 Finding Element with the locator By.id: email 
2026-02-21 16:19:47 [TestNG-test-UI Automation-3] INFO com.ui.pages.LoginPage::enterText::57 Element Found and now Enter text example@gmail.com 
2026-02-21 16:19:47 [TestNG-test-UI Automation-2] INFO com.ui.pages.MyAccountPage::getVisibleText::66 Finding Element with the locator By.xpath: //a[@title='View my customer account']/span 
2026-02-21 16:19:47 [TestNG-test-UI Automation-1] ERROR com.ui.listeners.TestListener::onTestFailure::39 loginCSVTest FAILED 
2026-02-21 16:19:47 [TestNG-test-UI Automation-1] ERROR com.ui.listeners.TestListener::onTestFailure::40 no such element: Unable to locate element: {"method":"xpath","selector":"//a[@title='View my customer account']/span"}
  (Session info: MicrosoftEdge=145.0.3800.65)
For documentation on this error, please visit: https://www.selenium.dev/documentation/webdriver/troubleshooting/errors#nosuchelementexception
Build info: version: '4.40.0', revision: 'b3333f1'
System info: os.name: 'Windows 11', os.arch: 'amd64', os.version: '10.0', java.version: '23.0.2'
Driver info: org.openqa.selenium.edge.EdgeDriver
Command: [b2be05484a0a379b8220b34f46f75251, findElement {value=//a[@title='View my customer account']/span, using=xpath}]
Capabilities {acceptInsecureCerts: false, browserName: MicrosoftEdge, browserVersion: 145.0.3800.65, fedcm:accounts: true, goog:processID: 23564, ms:edgeOptions: {debuggerAddress: localhost:60322}, msedge: {msedgedriverVersion: 145.0.3800.70 (57ed5ba8de27..., userDataDir: C:\Users\salin\AppData\Loca...}, networkConnectionEnabled: false, pageLoadStrategy: normal, platformName: windows, proxy: Proxy(), se:cdp: ws://localhost:60322/devtoo..., se:cdpVersion: 145.0.3800.65, setWindowRect: true, strictFileInteractability: false, timeouts: {implicit: 0, pageLoad: 300000, script: 30000}, unhandledPromptBehavior: dismiss and notify, webauthn:extension:credBlob: true, webauthn:extension:largeBlob: true, webauthn:extension:minPinLength: true, webauthn:extension:prf: true, webauthn:virtualAuthenticators: true}
Session ID: b2be05484a0a379b8220b34f46f75251 
2026-02-21 16:19:47 [TestNG-test-UI Automation-1] INFO com.ui.listeners.TestListener::onTestFailure::46 Capturing Screenshot for the failed tests 
2026-02-21 16:19:47 [TestNG-test-UI Automation-3] INFO com.ui.pages.LoginPage::enterText::55 Finding Element with the locator By.id: passwd 
2026-02-21 16:19:47 [TestNG-test-UI Automation-2] WARN com.ui.listeners.TestListener::onTestSkipped::54 loginExcelTest SKIPPED 
2026-02-21 16:19:47 [TestNG-test-UI Automation-2] INFO com.ui.pages.HomePage::<init>::27 Launching Browser for EDGE 
2026-02-21 16:19:47 [TestNG-test-UI Automation-3] INFO com.ui.pages.LoginPage::enterText::57 Element Found and now Enter text password 
2026-02-21 16:19:47 [TestNG-test-UI Automation-3] INFO com.ui.pages.LoginPage::clickOn::48 Finding Element with the locator By.id: SubmitLogin 
2026-02-21 16:19:47 [TestNG-test-UI Automation-3] INFO com.ui.pages.LoginPage::clickOn::50 Element Found and now performing Click 
2026-02-21 16:19:47 [TestNG-test-UI Automation-1] INFO com.ui.listeners.TestListener::onTestFailure::49 Attaching the Screenshot to the HTML File 
2026-02-21 16:19:47 [TestNG-test-UI Automation-1] INFO com.ui.pages.HomePage::<init>::27 Launching Browser for EDGE 
2026-02-21 16:19:48 [TestNG-test-UI Automation-3] INFO com.ui.pages.MyAccountPage::getVisibleText::66 Finding Element with the locator By.xpath: //a[@title='View my customer account']/span 
2026-02-21 16:19:48 [TestNG-test-UI Automation-3] ERROR com.ui.listeners.TestListener::onTestFailure::39 loginTest FAILED 
2026-02-21 16:19:48 [TestNG-test-UI Automation-3] ERROR com.ui.listeners.TestListener::onTestFailure::40 no such element: Unable to locate element: {"method":"xpath","selector":"//a[@title='View my customer account']/span"}
  (Session info: MicrosoftEdge=145.0.3800.65)
For documentation on this error, please visit: https://www.selenium.dev/documentation/webdriver/troubleshooting/errors#nosuchelementexception
Build info: version: '4.40.0', revision: 'b3333f1'
System info: os.name: 'Windows 11', os.arch: 'amd64', os.version: '10.0', java.version: '23.0.2'
Driver info: org.openqa.selenium.edge.EdgeDriver
Command: [613ba187a3767883fe63b11b6a54e5ad, findElement {value=//a[@title='View my customer account']/span, using=xpath}]
Capabilities {acceptInsecureCerts: false, browserName: MicrosoftEdge, browserVersion: 145.0.3800.65, fedcm:accounts: true, goog:processID: 6068, ms:edgeOptions: {debuggerAddress: localhost:60323}, msedge: {msedgedriverVersion: 145.0.3800.70 (57ed5ba8de27..., userDataDir: C:\Users\salin\AppData\Loca...}, networkConnectionEnabled: false, pageLoadStrategy: normal, platformName: windows, proxy: Proxy(), se:cdp: ws://localhost:60323/devtoo..., se:cdpVersion: 145.0.3800.65, setWindowRect: true, strictFileInteractability: false, timeouts: {implicit: 0, pageLoad: 300000, script: 30000}, unhandledPromptBehavior: dismiss and notify, webauthn:extension:credBlob: true, webauthn:extension:largeBlob: true, webauthn:extension:minPinLength: true, webauthn:extension:prf: true, webauthn:virtualAuthenticators: true}
Session ID: 613ba187a3767883fe63b11b6a54e5ad 
2026-02-21 16:19:48 [TestNG-test-UI Automation-3] INFO com.ui.listeners.TestListener::onTestFailure::46 Capturing Screenshot for the failed tests 
2026-02-21 16:19:48 [TestNG-test-UI Automation-2] INFO com.ui.pages.HomePage::goToWebsite::38 Visiting the website https://automationpractice.techwithjatin.com/ 
2026-02-21 16:19:48 [TestNG-test-UI Automation-3] INFO com.ui.listeners.TestListener::onTestFailure::49 Attaching the Screenshot to the HTML File 
2026-02-21 16:19:48 [TestNG-test-UI Automation-3] INFO com.ui.pages.HomePage::<init>::27 Launching Browser for EDGE 
2026-02-21 16:19:48 [TestNG-test-UI Automation-1] INFO com.ui.pages.HomePage::goToWebsite::38 Visiting the website https://automationpractice.techwithjatin.com/ 
2026-02-21 16:19:49 [TestNG-test-UI Automation-3] INFO com.ui.pages.HomePage::goToWebsite::38 Visiting the website https://automationpractice.techwithjatin.com/ 
2026-02-21 16:19:54 [TestNG-test-UI Automation-2] INFO com.ui.pages.HomePage::maximizeWindow::43 Maximizing the browser window 
2026-02-21 16:19:54 [TestNG-test-UI Automation-2] INFO com.ui.listeners.TestListener::onTestStart::27 loginExcelTest 
2026-02-21 16:19:54 [TestNG-test-UI Automation-2] INFO com.ui.listeners.TestListener::onTestStart::28 Verifies with the valid user is able to login into the application using Excel File 
2026-02-21 16:19:54 [TestNG-test-UI Automation-2] INFO com.ui.listeners.TestListener::onTestStart::29 [e2e, sanity] 
2026-02-21 16:19:54 [TestNG-test-UI Automation-2] INFO com.ui.pages.HomePage::goToLoginPage::26 Trying to perform click to go to Sign in Page 
2026-02-21 16:19:54 [TestNG-test-UI Automation-2] INFO com.ui.pages.HomePage::clickOn::48 Finding Element with the locator By.xpath: //a[contains(text(),'Sign')] 
2026-02-21 16:19:55 [TestNG-test-UI Automation-2] INFO com.ui.pages.HomePage::clickOn::50 Element Found and now performing Click 
2026-02-21 16:19:56 [TestNG-test-UI Automation-1] INFO com.ui.pages.HomePage::maximizeWindow::43 Maximizing the browser window 
2026-02-21 16:19:56 [TestNG-test-UI Automation-2] INFO com.ui.pages.LoginPage::enterText::55 Finding Element with the locator By.id: email 
2026-02-21 16:19:56 [TestNG-test-UI Automation-2] INFO com.ui.pages.LoginPage::enterText::57 Element Found and now Enter text example@gmail.com 
2026-02-21 16:19:56 [TestNG-test-UI Automation-1] INFO com.ui.listeners.TestListener::onTestStart::27 loginCSVTest 
2026-02-21 16:19:56 [TestNG-test-UI Automation-1] INFO com.ui.listeners.TestListener::onTestStart::28 Verifies with the valid user is able to login into the application using CSV File 
2026-02-21 16:19:56 [TestNG-test-UI Automation-1] INFO com.ui.listeners.TestListener::onTestStart::29 [e2e, sanity] 
2026-02-21 16:19:56 [TestNG-test-UI Automation-1] INFO com.ui.pages.HomePage::goToLoginPage::26 Trying to perform click to go to Sign in Page 
2026-02-21 16:19:56 [TestNG-test-UI Automation-1] INFO com.ui.pages.HomePage::clickOn::48 Finding Element with the locator By.xpath: //a[contains(text(),'Sign')] 
2026-02-21 16:19:56 [TestNG-test-UI Automation-1] INFO com.ui.pages.HomePage::clickOn::50 Element Found and now performing Click 
2026-02-21 16:19:56 [TestNG-test-UI Automation-2] INFO com.ui.pages.LoginPage::enterText::55 Finding Element with the locator By.id: passwd 
2026-02-21 16:19:56 [TestNG-test-UI Automation-2] INFO com.ui.pages.LoginPage::enterText::57 Element Found and now Enter text password 
2026-02-21 16:19:56 [TestNG-test-UI Automation-2] INFO com.ui.pages.LoginPage::clickOn::48 Finding Element with the locator By.id: SubmitLogin 
2026-02-21 16:19:56 [TestNG-test-UI Automation-2] INFO com.ui.pages.LoginPage::clickOn::50 Element Found and now performing Click 
2026-02-21 16:19:56 [TestNG-test-UI Automation-2] INFO com.ui.pages.MyAccountPage::getVisibleText::66 Finding Element with the locator By.xpath: //a[@title='View my customer account']/span 
2026-02-21 16:19:56 [TestNG-test-UI Automation-2] WARN com.ui.listeners.TestListener::onTestSkipped::54 loginExcelTest SKIPPED 
2026-02-21 16:19:56 [TestNG-test-UI Automation-2] INFO com.ui.pages.HomePage::<init>::27 Launching Browser for EDGE 
2026-02-21 16:19:57 [TestNG-test-UI Automation-1] INFO com.ui.pages.LoginPage::enterText::55 Finding Element with the locator By.id: email 
2026-02-21 16:19:57 [TestNG-test-UI Automation-1] INFO com.ui.pages.LoginPage::enterText::57 Element Found and now Enter text repano2553@hopesx.com 
2026-02-21 16:19:57 [TestNG-test-UI Automation-1] INFO com.ui.pages.LoginPage::enterText::55 Finding Element with the locator By.id: passwd 
2026-02-21 16:19:57 [TestNG-test-UI Automation-1] INFO com.ui.pages.LoginPage::enterText::57 Element Found and now Enter text password 
2026-02-21 16:19:57 [TestNG-test-UI Automation-2] INFO com.ui.pages.HomePage::goToWebsite::38 Visiting the website https://automationpractice.techwithjatin.com/ 
2026-02-21 16:19:57 [TestNG-test-UI Automation-1] INFO com.ui.pages.LoginPage::clickOn::48 Finding Element with the locator By.id: SubmitLogin 
2026-02-21 16:19:57 [TestNG-test-UI Automation-1] INFO com.ui.pages.LoginPage::clickOn::50 Element Found and now performing Click 
2026-02-21 16:19:57 [TestNG-test-UI Automation-3] INFO com.ui.pages.HomePage::maximizeWindow::43 Maximizing the browser window 
2026-02-21 16:19:58 [TestNG-test-UI Automation-3] INFO com.ui.listeners.TestListener::onTestStart::27 loginTest 
2026-02-21 16:19:58 [TestNG-test-UI Automation-3] INFO com.ui.listeners.TestListener::onTestStart::28 Verifies with the valid user is able to login into the application 
2026-02-21 16:19:58 [TestNG-test-UI Automation-3] INFO com.ui.listeners.TestListener::onTestStart::29 [e2e, sanity] 
2026-02-21 16:19:58 [TestNG-test-UI Automation-3] INFO com.ui.pages.HomePage::goToLoginPage::26 Trying to perform click to go to Sign in Page 
2026-02-21 16:19:58 [TestNG-test-UI Automation-3] INFO com.ui.pages.HomePage::clickOn::48 Finding Element with the locator By.xpath: //a[contains(text(),'Sign')] 
2026-02-21 16:19:58 [TestNG-test-UI Automation-3] INFO com.ui.pages.HomePage::clickOn::50 Element Found and now performing Click 
2026-02-21 16:19:59 [TestNG-test-UI Automation-1] INFO com.ui.pages.MyAccountPage::getVisibleText::66 Finding Element with the locator By.xpath: //a[@title='View my customer account']/span 
2026-02-21 16:19:59 [TestNG-test-UI Automation-1] INFO com.ui.pages.MyAccountPage::getVisibleText::68 Element Found and now returning the visible text Bernardo Salinas 
2026-02-21 16:19:59 [TestNG-test-UI Automation-1] INFO com.ui.listeners.TestListener::onTestSuccess::34 loginCSVTest PASSED 
2026-02-21 16:19:59 [TestNG-test-UI Automation-1] INFO com.ui.pages.HomePage::<init>::27 Launching Browser for EDGE 
2026-02-21 16:19:59 [TestNG-test-UI Automation-3] INFO com.ui.pages.LoginPage::enterText::55 Finding Element with the locator By.id: email 
2026-02-21 16:19:59 [TestNG-test-UI Automation-3] INFO com.ui.pages.LoginPage::enterText::57 Element Found and now Enter text repano2553@hopesx.com 
2026-02-21 16:19:59 [TestNG-test-UI Automation-3] INFO com.ui.pages.LoginPage::enterText::55 Finding Element with the locator By.id: passwd 
2026-02-21 16:19:59 [TestNG-test-UI Automation-3] INFO com.ui.pages.LoginPage::enterText::57 Element Found and now Enter text password 
2026-02-21 16:19:59 [TestNG-test-UI Automation-3] INFO com.ui.pages.LoginPage::clickOn::48 Finding Element with the locator By.id: SubmitLogin 
2026-02-21 16:19:59 [TestNG-test-UI Automation-3] INFO com.ui.pages.LoginPage::clickOn::50 Element Found and now performing Click 
2026-02-21 16:20:00 [TestNG-test-UI Automation-1] INFO com.ui.pages.HomePage::goToWebsite::38 Visiting the website https://automationpractice.techwithjatin.com/ 
2026-02-21 16:20:00 [TestNG-test-UI Automation-3] INFO com.ui.pages.MyAccountPage::getVisibleText::66 Finding Element with the locator By.xpath: //a[@title='View my customer account']/span 
2026-02-21 16:20:00 [TestNG-test-UI Automation-3] INFO com.ui.pages.MyAccountPage::getVisibleText::68 Element Found and now returning the visible text Bernardo Salinas 
2026-02-21 16:20:00 [TestNG-test-UI Automation-3] INFO com.ui.listeners.TestListener::onTestSuccess::34 loginTest PASSED 
2026-02-21 16:20:04 [TestNG-test-UI Automation-2] INFO com.ui.pages.HomePage::maximizeWindow::43 Maximizing the browser window 
2026-02-21 16:20:04 [TestNG-test-UI Automation-2] INFO com.ui.listeners.TestListener::onTestStart::27 loginExcelTest 
2026-02-21 16:20:04 [TestNG-test-UI Automation-2] INFO com.ui.listeners.TestListener::onTestStart::28 Verifies with the valid user is able to login into the application using Excel File 
2026-02-21 16:20:04 [TestNG-test-UI Automation-2] INFO com.ui.listeners.TestListener::onTestStart::29 [e2e, sanity] 
2026-02-21 16:20:04 [TestNG-test-UI Automation-2] INFO com.ui.pages.HomePage::goToLoginPage::26 Trying to perform click to go to Sign in Page 
2026-02-21 16:20:04 [TestNG-test-UI Automation-2] INFO com.ui.pages.HomePage::clickOn::48 Finding Element with the locator By.xpath: //a[contains(text(),'Sign')] 
2026-02-21 16:20:04 [TestNG-test-UI Automation-2] INFO com.ui.pages.HomePage::clickOn::50 Element Found and now performing Click 
2026-02-21 16:20:05 [TestNG-test-UI Automation-2] INFO com.ui.pages.LoginPage::enterText::55 Finding Element with the locator By.id: email 
2026-02-21 16:20:05 [TestNG-test-UI Automation-2] INFO com.ui.pages.LoginPage::enterText::57 Element Found and now Enter text example@gmail.com 
2026-02-21 16:20:05 [TestNG-test-UI Automation-2] INFO com.ui.pages.LoginPage::enterText::55 Finding Element with the locator By.id: passwd 
2026-02-21 16:20:05 [TestNG-test-UI Automation-2] INFO com.ui.pages.LoginPage::enterText::57 Element Found and now Enter text password 
2026-02-21 16:20:05 [TestNG-test-UI Automation-2] INFO com.ui.pages.LoginPage::clickOn::48 Finding Element with the locator By.id: SubmitLogin 
2026-02-21 16:20:05 [TestNG-test-UI Automation-2] INFO com.ui.pages.LoginPage::clickOn::50 Element Found and now performing Click 
2026-02-21 16:20:06 [TestNG-test-UI Automation-1] INFO com.ui.pages.HomePage::maximizeWindow::43 Maximizing the browser window 
2026-02-21 16:20:06 [TestNG-test-UI Automation-1] INFO com.ui.listeners.TestListener::onTestStart::27 loginCSVTest 
2026-02-21 16:20:06 [TestNG-test-UI Automation-1] INFO com.ui.listeners.TestListener::onTestStart::28 Verifies with the valid user is able to login into the application using CSV File 
2026-02-21 16:20:06 [TestNG-test-UI Automation-1] INFO com.ui.listeners.TestListener::onTestStart::29 [e2e, sanity] 
2026-02-21 16:20:06 [TestNG-test-UI Automation-1] INFO com.ui.pages.HomePage::goToLoginPage::26 Trying to perform click to go to Sign in Page 
2026-02-21 16:20:06 [TestNG-test-UI Automation-1] INFO com.ui.pages.HomePage::clickOn::48 Finding Element with the locator By.xpath: //a[contains(text(),'Sign')] 
2026-02-21 16:20:06 [TestNG-test-UI Automation-1] INFO com.ui.pages.HomePage::clickOn::50 Element Found and now performing Click 
2026-02-21 16:20:06 [TestNG-test-UI Automation-2] INFO com.ui.pages.MyAccountPage::getVisibleText::66 Finding Element with the locator By.xpath: //a[@title='View my customer account']/span 
2026-02-21 16:20:06 [TestNG-test-UI Automation-2] WARN com.ui.listeners.TestListener::onTestSkipped::54 loginExcelTest SKIPPED 
2026-02-21 16:20:06 [TestNG-test-UI Automation-2] INFO com.ui.pages.HomePage::<init>::27 Launching Browser for EDGE 
2026-02-21 16:20:07 [TestNG-test-UI Automation-2] INFO com.ui.pages.HomePage::goToWebsite::38 Visiting the website https://automationpractice.techwithjatin.com/ 
2026-02-21 16:20:07 [TestNG-test-UI Automation-1] INFO com.ui.pages.LoginPage::enterText::55 Finding Element with the locator By.id: email 
2026-02-21 16:20:07 [TestNG-test-UI Automation-1] INFO com.ui.pages.LoginPage::enterText::57 Element Found and now Enter text repanoExample2553@hopesx.com 
2026-02-21 16:20:07 [TestNG-test-UI Automation-1] INFO com.ui.pages.LoginPage::enterText::55 Finding Element with the locator By.id: passwd 
2026-02-21 16:20:07 [TestNG-test-UI Automation-1] INFO com.ui.pages.LoginPage::enterText::57 Element Found and now Enter text password 
2026-02-21 16:20:07 [TestNG-test-UI Automation-1] INFO com.ui.pages.LoginPage::clickOn::48 Finding Element with the locator By.id: SubmitLogin 
2026-02-21 16:20:07 [TestNG-test-UI Automation-1] INFO com.ui.pages.LoginPage::clickOn::50 Element Found and now performing Click 
2026-02-21 16:20:08 [TestNG-test-UI Automation-1] INFO com.ui.pages.MyAccountPage::getVisibleText::66 Finding Element with the locator By.xpath: //a[@title='View my customer account']/span 
2026-02-21 16:20:08 [TestNG-test-UI Automation-1] ERROR com.ui.listeners.TestListener::onTestFailure::39 loginCSVTest FAILED 
2026-02-21 16:20:08 [TestNG-test-UI Automation-1] ERROR com.ui.listeners.TestListener::onTestFailure::40 no such element: Unable to locate element: {"method":"xpath","selector":"//a[@title='View my customer account']/span"}
  (Session info: MicrosoftEdge=145.0.3800.65)
For documentation on this error, please visit: https://www.selenium.dev/documentation/webdriver/troubleshooting/errors#nosuchelementexception
Build info: version: '4.40.0', revision: 'b3333f1'
System info: os.name: 'Windows 11', os.arch: 'amd64', os.version: '10.0', java.version: '23.0.2'
Driver info: org.openqa.selenium.edge.EdgeDriver
Command: [87f86266a8dff79c86fd2bef513f2058, findElement {value=//a[@title='View my customer account']/span, using=xpath}]
Capabilities {acceptInsecureCerts: false, browserName: MicrosoftEdge, browserVersion: 145.0.3800.65, fedcm:accounts: true, goog:processID: 32160, ms:edgeOptions: {debuggerAddress: localhost:53330}, msedge: {msedgedriverVersion: 145.0.3800.70 (57ed5ba8de27..., userDataDir: C:\Users\salin\AppData\Loca...}, networkConnectionEnabled: false, pageLoadStrategy: normal, platformName: windows, proxy: Proxy(), se:cdp: ws://localhost:53330/devtoo..., se:cdpVersion: 145.0.3800.65, setWindowRect: true, strictFileInteractability: false, timeouts: {implicit: 0, pageLoad: 300000, script: 30000}, unhandledPromptBehavior: dismiss and notify, webauthn:extension:credBlob: true, webauthn:extension:largeBlob: true, webauthn:extension:minPinLength: true, webauthn:extension:prf: true, webauthn:virtualAuthenticators: true}
Session ID: 87f86266a8dff79c86fd2bef513f2058 
2026-02-21 16:20:08 [TestNG-test-UI Automation-1] INFO com.ui.listeners.TestListener::onTestFailure::46 Capturing Screenshot for the failed tests 
2026-02-21 16:20:08 [TestNG-test-UI Automation-1] INFO com.ui.listeners.TestListener::onTestFailure::49 Attaching the Screenshot to the HTML File 
2026-02-21 16:20:13 [TestNG-test-UI Automation-2] INFO com.ui.pages.HomePage::maximizeWindow::43 Maximizing the browser window 
2026-02-21 16:20:13 [TestNG-test-UI Automation-2] INFO com.ui.listeners.TestListener::onTestStart::27 loginExcelTest 
2026-02-21 16:20:13 [TestNG-test-UI Automation-2] INFO com.ui.listeners.TestListener::onTestStart::28 Verifies with the valid user is able to login into the application using Excel File 
2026-02-21 16:20:13 [TestNG-test-UI Automation-2] INFO com.ui.listeners.TestListener::onTestStart::29 [e2e, sanity] 
2026-02-21 16:20:13 [TestNG-test-UI Automation-2] INFO com.ui.pages.HomePage::goToLoginPage::26 Trying to perform click to go to Sign in Page 
2026-02-21 16:20:13 [TestNG-test-UI Automation-2] INFO com.ui.pages.HomePage::clickOn::48 Finding Element with the locator By.xpath: //a[contains(text(),'Sign')] 
2026-02-21 16:20:13 [TestNG-test-UI Automation-2] INFO com.ui.pages.HomePage::clickOn::50 Element Found and now performing Click 
2026-02-21 16:20:14 [TestNG-test-UI Automation-2] INFO com.ui.pages.LoginPage::enterText::55 Finding Element with the locator By.id: email 
2026-02-21 16:20:14 [TestNG-test-UI Automation-2] INFO com.ui.pages.LoginPage::enterText::57 Element Found and now Enter text example@gmail.com 
2026-02-21 16:20:14 [TestNG-test-UI Automation-2] INFO com.ui.pages.LoginPage::enterText::55 Finding Element with the locator By.id: passwd 
2026-02-21 16:20:14 [TestNG-test-UI Automation-2] INFO com.ui.pages.LoginPage::enterText::57 Element Found and now Enter text password 
2026-02-21 16:20:15 [TestNG-test-UI Automation-2] INFO com.ui.pages.LoginPage::clickOn::48 Finding Element with the locator By.id: SubmitLogin 
2026-02-21 16:20:15 [TestNG-test-UI Automation-2] INFO com.ui.pages.LoginPage::clickOn::50 Element Found and now performing Click 
2026-02-21 16:20:15 [TestNG-test-UI Automation-2] INFO com.ui.pages.MyAccountPage::getVisibleText::66 Finding Element with the locator By.xpath: //a[@title='View my customer account']/span 
2026-02-21 16:20:15 [TestNG-test-UI Automation-2] ERROR com.ui.listeners.TestListener::onTestFailure::39 loginExcelTest FAILED 
2026-02-21 16:20:15 [TestNG-test-UI Automation-2] ERROR com.ui.listeners.TestListener::onTestFailure::40 no such element: Unable to locate element: {"method":"xpath","selector":"//a[@title='View my customer account']/span"}
  (Session info: MicrosoftEdge=145.0.3800.65)
For documentation on this error, please visit: https://www.selenium.dev/documentation/webdriver/troubleshooting/errors#nosuchelementexception
Build info: version: '4.40.0', revision: 'b3333f1'
System info: os.name: 'Windows 11', os.arch: 'amd64', os.version: '10.0', java.version: '23.0.2'
Driver info: org.openqa.selenium.edge.EdgeDriver
Command: [438215e7fa5df3ef2928882936e9be98, findElement {value=//a[@title='View my customer account']/span, using=xpath}]
Capabilities {acceptInsecureCerts: false, browserName: MicrosoftEdge, browserVersion: 145.0.3800.65, fedcm:accounts: true, goog:processID: 30644, ms:edgeOptions: {debuggerAddress: localhost:49682}, msedge: {msedgedriverVersion: 145.0.3800.70 (57ed5ba8de27..., userDataDir: C:\Users\salin\AppData\Loca...}, networkConnectionEnabled: false, pageLoadStrategy: normal, platformName: windows, proxy: Proxy(), se:cdp: ws://localhost:49682/devtoo..., se:cdpVersion: 145.0.3800.65, setWindowRect: true, strictFileInteractability: false, timeouts: {implicit: 0, pageLoad: 300000, script: 30000}, unhandledPromptBehavior: dismiss and notify, webauthn:extension:credBlob: true, webauthn:extension:largeBlob: true, webauthn:extension:minPinLength: true, webauthn:extension:prf: true, webauthn:virtualAuthenticators: true}
Session ID: 438215e7fa5df3ef2928882936e9be98 
2026-02-21 16:20:15 [TestNG-test-UI Automation-2] INFO com.ui.listeners.TestListener::onTestFailure::46 Capturing Screenshot for the failed tests 
2026-02-21 16:20:15 [TestNG-test-UI Automation-2] INFO com.ui.listeners.TestListener::onTestFailure::49 Attaching the Screenshot to the HTML File 
2026-02-21 16:20:15 [TestNG-test-UI Automation-2] INFO com.ui.pages.HomePage::<init>::27 Launching Browser for EDGE 
2026-02-21 16:20:16 [TestNG-test-UI Automation-2] INFO com.ui.pages.HomePage::goToWebsite::38 Visiting the website https://automationpractice.techwithjatin.com/ 
2026-02-21 16:20:22 [TestNG-test-UI Automation-2] INFO com.ui.pages.HomePage::maximizeWindow::43 Maximizing the browser window 
2026-02-21 16:20:22 [TestNG-test-UI Automation-2] INFO com.ui.listeners.TestListener::onTestStart::27 loginExcelTest 
2026-02-21 16:20:22 [TestNG-test-UI Automation-2] INFO com.ui.listeners.TestListener::onTestStart::28 Verifies with the valid user is able to login into the application using Excel File 
2026-02-21 16:20:22 [TestNG-test-UI Automation-2] INFO com.ui.listeners.TestListener::onTestStart::29 [e2e, sanity] 
2026-02-21 16:20:22 [TestNG-test-UI Automation-2] INFO com.ui.pages.HomePage::goToLoginPage::26 Trying to perform click to go to Sign in Page 
2026-02-21 16:20:22 [TestNG-test-UI Automation-2] INFO com.ui.pages.HomePage::clickOn::48 Finding Element with the locator By.xpath: //a[contains(text(),'Sign')] 
2026-02-21 16:20:22 [TestNG-test-UI Automation-2] INFO com.ui.pages.HomePage::clickOn::50 Element Found and now performing Click 
2026-02-21 16:20:24 [TestNG-test-UI Automation-2] INFO com.ui.pages.LoginPage::enterText::55 Finding Element with the locator By.id: email 
2026-02-21 16:20:24 [TestNG-test-UI Automation-2] INFO com.ui.pages.LoginPage::enterText::57 Element Found and now Enter text repano2553@hopesx.com 
2026-02-21 16:20:24 [TestNG-test-UI Automation-2] INFO com.ui.pages.LoginPage::enterText::55 Finding Element with the locator By.id: passwd 
2026-02-21 16:20:24 [TestNG-test-UI Automation-2] INFO com.ui.pages.LoginPage::enterText::57 Element Found and now Enter text password 
2026-02-21 16:20:24 [TestNG-test-UI Automation-2] INFO com.ui.pages.LoginPage::clickOn::48 Finding Element with the locator By.id: SubmitLogin 
2026-02-21 16:20:24 [TestNG-test-UI Automation-2] INFO com.ui.pages.LoginPage::clickOn::50 Element Found and now performing Click 
2026-02-21 16:20:25 [TestNG-test-UI Automation-2] INFO com.ui.pages.MyAccountPage::getVisibleText::66 Finding Element with the locator By.xpath: //a[@title='View my customer account']/span 
2026-02-21 16:20:25 [TestNG-test-UI Automation-2] INFO com.ui.pages.MyAccountPage::getVisibleText::68 Element Found and now returning the visible text Bernardo Salinas 
2026-02-21 16:20:25 [TestNG-test-UI Automation-2] INFO com.ui.listeners.TestListener::onTestSuccess::34 loginExcelTest PASSED 
2026-02-21 16:20:25 [main] INFO com.ui.listeners.TestListener::onFinish::64 Test Suite Completed 
